<?xml version="1.0" encoding="UTF-8"?>
<testsuite xmlns:xsi="http://www.w3.org/2001/XMLSchema-instance" xsi:noNamespaceSchemaLocation="https://maven.apache.org/surefire/maven-surefire-plugin/xsd/surefire-test-report-3.0.xsd" version="3.0" name="top.soft.classoa.service.EmployeeServiceTest" time="0.127" tests="3" errors="0" skipped="0" failures="0">
  <properties>
[...]
</properties>
  <testcase name="selectByParams" classname="top.soft.classoa.service.EmployeeServiceTest" time="0.098">
    <system-out><![CDATA[21:53:36.758 [main] DEBUG org.apache.ibatis.transaction.jdbc.JdbcTransaction -- Opening JDBC Connection
21:53:36.758 [main] DEBUG org.apache.ibatis.transaction.jdbc.JdbcTransaction -- Setting autocommit to false on JDBC Connection [com.mysql.cj.jdbc.ConnectionImpl@293bb8a5]
21:53:36.759 [main] DEBUG top.soft.classoa.mapper.EmployeeMapper.selectByParams -- ==>  Preparing: select *from adm_employee where 1=1 AND level =? AND department_id = ?
21:53:36.760 [main] DEBUG top.soft.classoa.mapper.EmployeeMapper.selectByParams -- ==> Parameters: 7(Integer), 2(Integer)
21:53:36.764 [main] DEBUG top.soft.classoa.mapper.EmployeeMapper.selectByParams -- <==      Total: 1
Employee(employeeId=2, name=齐紫陌, departmentId=2, title=部门经理, level=7, avatar=null)
21:53:36.776 [main] DEBUG org.apache.ibatis.transaction.jdbc.JdbcTransaction -- Resetting autocommit to true on JDBC Connection [com.mysql.cj.jdbc.ConnectionImpl@293bb8a5]
21:53:36.777 [main] DEBUG org.apache.ibatis.transaction.jdbc.JdbcTransaction -- Closing JDBC Connection [com.mysql.cj.jdbc.ConnectionImpl@293bb8a5]
]]></system-out>
  </testcase>
  <testcase name="selectById" classname="top.soft.classoa.service.EmployeeServiceTest" time="0.01">
    <system-out><![CDATA[21:53:36.782 [main] DEBUG org.apache.ibatis.transaction.jdbc.JdbcTransaction -- Opening JDBC Connection
21:53:36.782 [main] DEBUG org.apache.ibatis.transaction.jdbc.JdbcTransaction -- Setting autocommit to false on JDBC Connection [com.mysql.cj.jdbc.ConnectionImpl@293bb8a5]
21:53:36.784 [main] DEBUG top.soft.classoa.mapper.EmployeeMapper.selectById -- ==>  Preparing: SELECT * FROM adm_employee WHERE employee_id= ?
21:53:36.785 [main] DEBUG top.soft.classoa.mapper.EmployeeMapper.selectById -- ==> Parameters: 1(Long)
21:53:36.787 [main] DEBUG top.soft.classoa.mapper.EmployeeMapper.selectById -- <==      Total: 1
21:53:36.788 [main] DEBUG org.apache.ibatis.transaction.jdbc.JdbcTransaction -- Resetting autocommit to true on JDBC Connection [com.mysql.cj.jdbc.ConnectionImpl@293bb8a5]
21:53:36.789 [main] DEBUG org.apache.ibatis.transaction.jdbc.JdbcTransaction -- Closing JDBC Connection [com.mysql.cj.jdbc.ConnectionImpl@293bb8a5]
Employee(employeeId=1, name=张晓涛, departmentId=1, title=总经理, level=8, avatar=null)
]]></system-out>
  </testcase>
  <testcase name="setLeader" classname="top.soft.classoa.service.EmployeeServiceTest" time="0.011">
    <system-out><![CDATA[21:53:36.793 [main] DEBUG org.apache.ibatis.transaction.jdbc.JdbcTransaction -- Opening JDBC Connection
21:53:36.793 [main] DEBUG org.apache.ibatis.transaction.jdbc.JdbcTransaction -- Setting autocommit to false on JDBC Connection [com.mysql.cj.jdbc.ConnectionImpl@293bb8a5]
21:53:36.794 [main] DEBUG top.soft.classoa.mapper.EmployeeMapper.selectById -- ==>  Preparing: SELECT * FROM adm_employee WHERE employee_id= ?
21:53:36.795 [main] DEBUG top.soft.classoa.mapper.EmployeeMapper.selectById -- ==> Parameters: 4(Long)
21:53:36.797 [main] DEBUG top.soft.classoa.mapper.EmployeeMapper.selectById -- <==      Total: 1
21:53:36.798 [main] DEBUG top.soft.classoa.mapper.EmployeeMapper.selectByParams -- ==>  Preparing: select *from adm_employee where 1=1 AND level =? AND department_id = ?
21:53:36.798 [main] DEBUG top.soft.classoa.mapper.EmployeeMapper.selectByParams -- ==> Parameters: 7(Integer), 2(Long)
21:53:36.800 [main] DEBUG top.soft.classoa.mapper.EmployeeMapper.selectByParams -- <==      Total: 1
21:53:36.801 [main] DEBUG org.apache.ibatis.transaction.jdbc.JdbcTransaction -- Resetting autocommit to true on JDBC Connection [com.mysql.cj.jdbc.ConnectionImpl@293bb8a5]
21:53:36.801 [main] DEBUG org.apache.ibatis.transaction.jdbc.JdbcTransaction -- Closing JDBC Connection [com.mysql.cj.jdbc.ConnectionImpl@293bb8a5]
Employee(employeeId=2, name=齐紫陌, departmentId=2, title=部门经理, level=7, avatar=null)
]]></system-out>
  </testcase>
</testsuite>