<?xml version="1.0" encoding="UTF-8"?>
<testsuite xmlns:xsi="http://www.w3.org/2001/XMLSchema-instance" xsi:noNamespaceSchemaLocation="https://maven.apache.org/surefire/maven-surefire-plugin/xsd/surefire-test-report-3.0.xsd" version="3.0" name="top.soft.classoa.service.LeaveFormServiceTest" time="0.183" tests="4" errors="0" skipped="0" failures="0">
  <properties>
[...]
</properties>
  <testcase name="createLeaveForm1" classname="top.soft.classoa.service.LeaveFormServiceTest" time="0.071">
    <system-out><![CDATA[21:53:36.921 [main] DEBUG org.apache.ibatis.transaction.jdbc.JdbcTransaction -- Opening JDBC Connection
21:53:36.921 [main] DEBUG org.apache.ibatis.transaction.jdbc.JdbcTransaction -- Setting autocommit to false on JDBC Connection [com.mysql.cj.jdbc.ConnectionImpl@293bb8a5]
21:53:36.922 [main] DEBUG top.soft.classoa.mapper.EmployeeMapper.selectById -- ==>  Preparing: SELECT * FROM adm_employee WHERE employee_id= ?
21:53:36.922 [main] DEBUG top.soft.classoa.mapper.EmployeeMapper.selectById -- ==> Parameters: 8(Long)
21:53:36.924 [main] DEBUG top.soft.classoa.mapper.EmployeeMapper.selectById -- <==      Total: 1
21:53:36.924 [main] DEBUG top.soft.classoa.mapper.LeaveFormMapper.insert -- ==>  Preparing: INSERT INTO `oa`.`adm_leave_form` (`employee_id`, `form_type`, `start_time`, `end_time`, `reason`, `create_time`, `state`) VALUES (?, ?, ?, ?, ?, ?, ?)
21:53:36.926 [main] DEBUG top.soft.classoa.mapper.LeaveFormMapper.insert -- ==> Parameters: 8(Long), 1(Integer), 2024-12-04 09:00:00.0(Timestamp), 2024-12-14 09:00:00.0(Timestamp), 市场部员工请假单（72小时以上）(String), 2024-12-16 21:53:36.92(Timestamp), processing(String)
21:53:36.928 [main] DEBUG top.soft.classoa.mapper.LeaveFormMapper.insert -- <==    Updates: 1
21:53:36.929 [main] DEBUG top.soft.classoa.mapper.LeaveFormMapper.selectLatestForm -- ==>  Preparing: SELECT * FROM adm_leave_form ORDER BY form_id DESC LIMIT 1;
21:53:36.929 [main] DEBUG top.soft.classoa.mapper.LeaveFormMapper.selectLatestForm -- ==> Parameters: 
21:53:36.931 [main] DEBUG top.soft.classoa.mapper.LeaveFormMapper.selectLatestForm -- <==      Total: 1
LeaveForm(formId=12, employeeId=8, formType=1, startTime=Wed Dec 04 09:00:00 CST 2024, endTime=Sat Dec 14 09:00:00 CST 2024, reason=市场部员工请假单（72小时以上）, createTime=Mon Dec 16 21:53:37 CST 2024, state=processing)
21:53:36.952 [main] DEBUG top.soft.classoa.mapper.ProcessFlowMapper.insert -- ==>  Preparing: INSERT INTO `oa`.`adm_process_flow`(`form_id`,`operator_id`,`action`,`result`,`reason`,`create_time`,`audit_time`,`order_no`,`state`,`is_last`) VALUES (?,?,?,?,?,?,?,?,?,?)
21:53:36.954 [main] DEBUG top.soft.classoa.mapper.ProcessFlowMapper.insert -- ==> Parameters: 12(Long), 8(Long), apply(String), null, null, 2024-12-16 21:53:36.952(Timestamp), null, 1(Integer), complete(String), 0(Integer)
21:53:36.955 [main] DEBUG top.soft.classoa.mapper.ProcessFlowMapper.insert -- <==    Updates: 1
21:53:36.959 [main] DEBUG org.apache.ibatis.transaction.jdbc.JdbcTransaction -- Opening JDBC Connection
21:53:36.959 [main] DEBUG org.apache.ibatis.transaction.jdbc.JdbcTransaction -- Setting autocommit to false on JDBC Connection [com.mysql.cj.jdbc.ConnectionImpl@6058e535]
21:53:36.960 [main] DEBUG top.soft.classoa.mapper.EmployeeMapper.selectById -- ==>  Preparing: SELECT * FROM adm_employee WHERE employee_id= ?
21:53:36.960 [main] DEBUG top.soft.classoa.mapper.EmployeeMapper.selectById -- ==> Parameters: 8(Long)
21:53:36.963 [main] DEBUG top.soft.classoa.mapper.EmployeeMapper.selectById -- <==      Total: 1
21:53:36.964 [main] DEBUG top.soft.classoa.mapper.EmployeeMapper.selectByParams -- ==>  Preparing: select *from adm_employee where 1=1 AND level =? AND department_id = ?
21:53:36.964 [main] DEBUG top.soft.classoa.mapper.EmployeeMapper.selectByParams -- ==> Parameters: 7(Integer), 3(Long)
21:53:36.967 [main] DEBUG top.soft.classoa.mapper.EmployeeMapper.selectByParams -- <==      Total: 1
21:53:36.967 [main] DEBUG org.apache.ibatis.transaction.jdbc.JdbcTransaction -- Resetting autocommit to true on JDBC Connection [com.mysql.cj.jdbc.ConnectionImpl@6058e535]
21:53:36.968 [main] DEBUG org.apache.ibatis.transaction.jdbc.JdbcTransaction -- Closing JDBC Connection [com.mysql.cj.jdbc.ConnectionImpl@6058e535]
21:53:36.969 [main] DEBUG top.soft.classoa.mapper.ProcessFlowMapper.insert -- ==>  Preparing: INSERT INTO `oa`.`adm_process_flow`(`form_id`,`operator_id`,`action`,`result`,`reason`,`create_time`,`audit_time`,`order_no`,`state`,`is_last`) VALUES (?,?,?,?,?,?,?,?,?,?)
21:53:36.970 [main] DEBUG top.soft.classoa.mapper.ProcessFlowMapper.insert -- ==> Parameters: 12(Long), 6(Long), audit(String), null, null, 2024-12-16 21:53:36.968(Timestamp), null, 2(Integer), process(String), 1(Integer)
21:53:36.973 [main] DEBUG top.soft.classoa.mapper.ProcessFlowMapper.insert -- <==    Updates: 1
21:53:36.973 [main] DEBUG org.apache.ibatis.transaction.jdbc.JdbcTransaction -- Committing JDBC Connection [com.mysql.cj.jdbc.ConnectionImpl@293bb8a5]
21:53:36.989 [main] DEBUG org.apache.ibatis.transaction.jdbc.JdbcTransaction -- Resetting autocommit to true on JDBC Connection [com.mysql.cj.jdbc.ConnectionImpl@293bb8a5]
21:53:36.989 [main] DEBUG org.apache.ibatis.transaction.jdbc.JdbcTransaction -- Closing JDBC Connection [com.mysql.cj.jdbc.ConnectionImpl@293bb8a5]
LeaveForm(formId=12, employeeId=8, formType=1, startTime=Wed Dec 04 09:00:00 CST 2024, endTime=Sat Dec 14 09:00:00 CST 2024, reason=市场部员工请假单（72小时以上）, createTime=Mon Dec 16 21:53:37 CST 2024, state=processing)
]]></system-out>
  </testcase>
  <testcase name="createLeaveForm2" classname="top.soft.classoa.service.LeaveFormServiceTest" time="0.045">
    <system-out><![CDATA[21:53:36.992 [main] DEBUG org.apache.ibatis.transaction.jdbc.JdbcTransaction -- Opening JDBC Connection
21:53:36.993 [main] DEBUG org.apache.ibatis.transaction.jdbc.JdbcTransaction -- Setting autocommit to false on JDBC Connection [com.mysql.cj.jdbc.ConnectionImpl@293bb8a5]
21:53:36.993 [main] DEBUG top.soft.classoa.mapper.EmployeeMapper.selectById -- ==>  Preparing: SELECT * FROM adm_employee WHERE employee_id= ?
21:53:36.994 [main] DEBUG top.soft.classoa.mapper.EmployeeMapper.selectById -- ==> Parameters: 8(Long)
21:53:36.996 [main] DEBUG top.soft.classoa.mapper.EmployeeMapper.selectById -- <==      Total: 1
21:53:36.997 [main] DEBUG top.soft.classoa.mapper.LeaveFormMapper.insert -- ==>  Preparing: INSERT INTO `oa`.`adm_leave_form` (`employee_id`, `form_type`, `start_time`, `end_time`, `reason`, `create_time`, `state`) VALUES (?, ?, ?, ?, ?, ?, ?)
21:53:36.998 [main] DEBUG top.soft.classoa.mapper.LeaveFormMapper.insert -- ==> Parameters: 8(Long), 1(Integer), 2024-12-04 09:00:00.0(Timestamp), 2024-12-15 09:00:00.0(Timestamp), 市场部员工请假单（72小时以上）(String), 2024-12-16 21:53:36.992(Timestamp), processing(String)
21:53:37.000 [main] DEBUG top.soft.classoa.mapper.LeaveFormMapper.insert -- <==    Updates: 1
21:53:37.001 [main] DEBUG top.soft.classoa.mapper.LeaveFormMapper.selectLatestForm -- ==>  Preparing: SELECT * FROM adm_leave_form ORDER BY form_id DESC LIMIT 1;
21:53:37.002 [main] DEBUG top.soft.classoa.mapper.LeaveFormMapper.selectLatestForm -- ==> Parameters: 
21:53:37.004 [main] DEBUG top.soft.classoa.mapper.LeaveFormMapper.selectLatestForm -- <==      Total: 1
LeaveForm(formId=13, employeeId=8, formType=1, startTime=Wed Dec 04 09:00:00 CST 2024, endTime=Sun Dec 15 09:00:00 CST 2024, reason=市场部员工请假单（72小时以上）, createTime=Mon Dec 16 21:53:37 CST 2024, state=processing)
21:53:37.005 [main] DEBUG top.soft.classoa.mapper.ProcessFlowMapper.insert -- ==>  Preparing: INSERT INTO `oa`.`adm_process_flow`(`form_id`,`operator_id`,`action`,`result`,`reason`,`create_time`,`audit_time`,`order_no`,`state`,`is_last`) VALUES (?,?,?,?,?,?,?,?,?,?)
21:53:37.008 [main] DEBUG top.soft.classoa.mapper.ProcessFlowMapper.insert -- ==> Parameters: 13(Long), 8(Long), apply(String), null, null, 2024-12-16 21:53:37.005(Timestamp), null, 1(Integer), complete(String), 0(Integer)
21:53:37.010 [main] DEBUG top.soft.classoa.mapper.ProcessFlowMapper.insert -- <==    Updates: 1
21:53:37.010 [main] DEBUG org.apache.ibatis.transaction.jdbc.JdbcTransaction -- Opening JDBC Connection
21:53:37.010 [main] DEBUG org.apache.ibatis.transaction.jdbc.JdbcTransaction -- Setting autocommit to false on JDBC Connection [com.mysql.cj.jdbc.ConnectionImpl@6058e535]
21:53:37.011 [main] DEBUG top.soft.classoa.mapper.EmployeeMapper.selectById -- ==>  Preparing: SELECT * FROM adm_employee WHERE employee_id= ?
21:53:37.012 [main] DEBUG top.soft.classoa.mapper.EmployeeMapper.selectById -- ==> Parameters: 8(Long)
21:53:37.013 [main] DEBUG top.soft.classoa.mapper.EmployeeMapper.selectById -- <==      Total: 1
21:53:37.014 [main] DEBUG top.soft.classoa.mapper.EmployeeMapper.selectByParams -- ==>  Preparing: select *from adm_employee where 1=1 AND level =? AND department_id = ?
21:53:37.015 [main] DEBUG top.soft.classoa.mapper.EmployeeMapper.selectByParams -- ==> Parameters: 7(Integer), 3(Long)
21:53:37.017 [main] DEBUG top.soft.classoa.mapper.EmployeeMapper.selectByParams -- <==      Total: 1
21:53:37.017 [main] DEBUG org.apache.ibatis.transaction.jdbc.JdbcTransaction -- Resetting autocommit to true on JDBC Connection [com.mysql.cj.jdbc.ConnectionImpl@6058e535]
21:53:37.017 [main] DEBUG org.apache.ibatis.transaction.jdbc.JdbcTransaction -- Closing JDBC Connection [com.mysql.cj.jdbc.ConnectionImpl@6058e535]
21:53:37.017 [main] DEBUG top.soft.classoa.mapper.ProcessFlowMapper.insert -- ==>  Preparing: INSERT INTO `oa`.`adm_process_flow`(`form_id`,`operator_id`,`action`,`result`,`reason`,`create_time`,`audit_time`,`order_no`,`state`,`is_last`) VALUES (?,?,?,?,?,?,?,?,?,?)
21:53:37.020 [main] DEBUG top.soft.classoa.mapper.ProcessFlowMapper.insert -- ==> Parameters: 13(Long), 6(Long), audit(String), null, null, 2024-12-16 21:53:37.017(Timestamp), null, 2(Integer), process(String), 1(Integer)
21:53:37.021 [main] DEBUG top.soft.classoa.mapper.ProcessFlowMapper.insert -- <==    Updates: 1
21:53:37.022 [main] DEBUG org.apache.ibatis.transaction.jdbc.JdbcTransaction -- Committing JDBC Connection [com.mysql.cj.jdbc.ConnectionImpl@293bb8a5]
21:53:37.034 [main] DEBUG org.apache.ibatis.transaction.jdbc.JdbcTransaction -- Resetting autocommit to true on JDBC Connection [com.mysql.cj.jdbc.ConnectionImpl@293bb8a5]
21:53:37.035 [main] DEBUG org.apache.ibatis.transaction.jdbc.JdbcTransaction -- Closing JDBC Connection [com.mysql.cj.jdbc.ConnectionImpl@293bb8a5]
LeaveForm(formId=13, employeeId=8, formType=1, startTime=Wed Dec 04 09:00:00 CST 2024, endTime=Sun Dec 15 09:00:00 CST 2024, reason=市场部员工请假单（72小时以上）, createTime=Mon Dec 16 21:53:37 CST 2024, state=processing)
]]></system-out>
  </testcase>
  <testcase name="createLeaveForm3" classname="top.soft.classoa.service.LeaveFormServiceTest" time="0.029">
    <system-out><![CDATA[21:53:37.039 [main] DEBUG org.apache.ibatis.transaction.jdbc.JdbcTransaction -- Opening JDBC Connection
21:53:37.039 [main] DEBUG org.apache.ibatis.transaction.jdbc.JdbcTransaction -- Setting autocommit to false on JDBC Connection [com.mysql.cj.jdbc.ConnectionImpl@293bb8a5]
21:53:37.040 [main] DEBUG top.soft.classoa.mapper.EmployeeMapper.selectById -- ==>  Preparing: SELECT * FROM adm_employee WHERE employee_id= ?
21:53:37.040 [main] DEBUG top.soft.classoa.mapper.EmployeeMapper.selectById -- ==> Parameters: 2(Long)
21:53:37.041 [main] DEBUG top.soft.classoa.mapper.EmployeeMapper.selectById -- <==      Total: 1
21:53:37.041 [main] DEBUG top.soft.classoa.mapper.LeaveFormMapper.insert -- ==>  Preparing: INSERT INTO `oa`.`adm_leave_form` (`employee_id`, `form_type`, `start_time`, `end_time`, `reason`, `create_time`, `state`) VALUES (?, ?, ?, ?, ?, ?, ?)
21:53:37.043 [main] DEBUG top.soft.classoa.mapper.LeaveFormMapper.insert -- ==> Parameters: 2(Long), 1(Integer), 2024-12-04 09:00:00.0(Timestamp), 2024-12-15 09:00:00.0(Timestamp), 研发部门经理请假单(String), 2024-12-16 21:53:37.039(Timestamp), processing(String)
21:53:37.045 [main] DEBUG top.soft.classoa.mapper.LeaveFormMapper.insert -- <==    Updates: 1
21:53:37.045 [main] DEBUG top.soft.classoa.mapper.LeaveFormMapper.selectLatestForm -- ==>  Preparing: SELECT * FROM adm_leave_form ORDER BY form_id DESC LIMIT 1;
21:53:37.045 [main] DEBUG top.soft.classoa.mapper.LeaveFormMapper.selectLatestForm -- ==> Parameters: 
21:53:37.047 [main] DEBUG top.soft.classoa.mapper.LeaveFormMapper.selectLatestForm -- <==      Total: 1
LeaveForm(formId=14, employeeId=2, formType=1, startTime=Wed Dec 04 09:00:00 CST 2024, endTime=Sun Dec 15 09:00:00 CST 2024, reason=研发部门经理请假单, createTime=Mon Dec 16 21:53:37 CST 2024, state=processing)
21:53:37.047 [main] DEBUG top.soft.classoa.mapper.ProcessFlowMapper.insert -- ==>  Preparing: INSERT INTO `oa`.`adm_process_flow`(`form_id`,`operator_id`,`action`,`result`,`reason`,`create_time`,`audit_time`,`order_no`,`state`,`is_last`) VALUES (?,?,?,?,?,?,?,?,?,?)
21:53:37.048 [main] DEBUG top.soft.classoa.mapper.ProcessFlowMapper.insert -- ==> Parameters: 14(Long), 2(Long), apply(String), null, null, 2024-12-16 21:53:37.047(Timestamp), null, 1(Integer), complete(String), 0(Integer)
21:53:37.049 [main] DEBUG top.soft.classoa.mapper.ProcessFlowMapper.insert -- <==    Updates: 1
21:53:37.050 [main] DEBUG org.apache.ibatis.transaction.jdbc.JdbcTransaction -- Opening JDBC Connection
21:53:37.050 [main] DEBUG org.apache.ibatis.transaction.jdbc.JdbcTransaction -- Setting autocommit to false on JDBC Connection [com.mysql.cj.jdbc.ConnectionImpl@6058e535]
21:53:37.050 [main] DEBUG top.soft.classoa.mapper.EmployeeMapper.selectById -- ==>  Preparing: SELECT * FROM adm_employee WHERE employee_id= ?
21:53:37.051 [main] DEBUG top.soft.classoa.mapper.EmployeeMapper.selectById -- ==> Parameters: 2(Long)
21:53:37.054 [main] DEBUG top.soft.classoa.mapper.EmployeeMapper.selectById -- <==      Total: 1
21:53:37.055 [main] DEBUG top.soft.classoa.mapper.EmployeeMapper.selectByParams -- ==>  Preparing: select *from adm_employee where 1=1 AND level =?
21:53:37.055 [main] DEBUG top.soft.classoa.mapper.EmployeeMapper.selectByParams -- ==> Parameters: 8(Integer)
21:53:37.057 [main] DEBUG top.soft.classoa.mapper.EmployeeMapper.selectByParams -- <==      Total: 1
21:53:37.058 [main] DEBUG org.apache.ibatis.transaction.jdbc.JdbcTransaction -- Resetting autocommit to true on JDBC Connection [com.mysql.cj.jdbc.ConnectionImpl@6058e535]
21:53:37.058 [main] DEBUG org.apache.ibatis.transaction.jdbc.JdbcTransaction -- Closing JDBC Connection [com.mysql.cj.jdbc.ConnectionImpl@6058e535]
21:53:37.058 [main] DEBUG top.soft.classoa.mapper.ProcessFlowMapper.insert -- ==>  Preparing: INSERT INTO `oa`.`adm_process_flow`(`form_id`,`operator_id`,`action`,`result`,`reason`,`create_time`,`audit_time`,`order_no`,`state`,`is_last`) VALUES (?,?,?,?,?,?,?,?,?,?)
21:53:37.059 [main] DEBUG top.soft.classoa.mapper.ProcessFlowMapper.insert -- ==> Parameters: 14(Long), 1(Long), audit(String), null, null, 2024-12-16 21:53:37.058(Timestamp), null, 2(Integer), process(String), 1(Integer)
21:53:37.060 [main] DEBUG top.soft.classoa.mapper.ProcessFlowMapper.insert -- <==    Updates: 1
21:53:37.060 [main] DEBUG org.apache.ibatis.transaction.jdbc.JdbcTransaction -- Committing JDBC Connection [com.mysql.cj.jdbc.ConnectionImpl@293bb8a5]
21:53:37.066 [main] DEBUG org.apache.ibatis.transaction.jdbc.JdbcTransaction -- Resetting autocommit to true on JDBC Connection [com.mysql.cj.jdbc.ConnectionImpl@293bb8a5]
21:53:37.066 [main] DEBUG org.apache.ibatis.transaction.jdbc.JdbcTransaction -- Closing JDBC Connection [com.mysql.cj.jdbc.ConnectionImpl@293bb8a5]
LeaveForm(formId=14, employeeId=2, formType=1, startTime=Wed Dec 04 09:00:00 CST 2024, endTime=Sun Dec 15 09:00:00 CST 2024, reason=研发部门经理请假单, createTime=Mon Dec 16 21:53:37 CST 2024, state=processing)
]]></system-out>
  </testcase>
  <testcase name="createLeaveForm4" classname="top.soft.classoa.service.LeaveFormServiceTest" time="0.031">
    <system-out><![CDATA[21:53:37.068 [main] DEBUG org.apache.ibatis.transaction.jdbc.JdbcTransaction -- Opening JDBC Connection
21:53:37.069 [main] DEBUG org.apache.ibatis.transaction.jdbc.JdbcTransaction -- Setting autocommit to false on JDBC Connection [com.mysql.cj.jdbc.ConnectionImpl@293bb8a5]
21:53:37.069 [main] DEBUG top.soft.classoa.mapper.EmployeeMapper.selectById -- ==>  Preparing: SELECT * FROM adm_employee WHERE employee_id= ?
21:53:37.070 [main] DEBUG top.soft.classoa.mapper.EmployeeMapper.selectById -- ==> Parameters: 1(Long)
21:53:37.071 [main] DEBUG top.soft.classoa.mapper.EmployeeMapper.selectById -- <==      Total: 1
21:53:37.071 [main] DEBUG top.soft.classoa.mapper.LeaveFormMapper.insert -- ==>  Preparing: INSERT INTO `oa`.`adm_leave_form` (`employee_id`, `form_type`, `start_time`, `end_time`, `reason`, `create_time`, `state`) VALUES (?, ?, ?, ?, ?, ?, ?)
21:53:37.073 [main] DEBUG top.soft.classoa.mapper.LeaveFormMapper.insert -- ==> Parameters: 1(Long), 1(Integer), 2024-12-04 09:00:00.0(Timestamp), 2024-12-15 09:00:00.0(Timestamp), 总经了请假单(String), 2024-12-16 21:53:37.068(Timestamp), approved(String)
21:53:37.075 [main] DEBUG top.soft.classoa.mapper.LeaveFormMapper.insert -- <==    Updates: 1
21:53:37.075 [main] DEBUG top.soft.classoa.mapper.LeaveFormMapper.selectLatestForm -- ==>  Preparing: SELECT * FROM adm_leave_form ORDER BY form_id DESC LIMIT 1;
21:53:37.076 [main] DEBUG top.soft.classoa.mapper.LeaveFormMapper.selectLatestForm -- ==> Parameters: 
21:53:37.077 [main] DEBUG top.soft.classoa.mapper.LeaveFormMapper.selectLatestForm -- <==      Total: 1
LeaveForm(formId=15, employeeId=1, formType=1, startTime=Wed Dec 04 09:00:00 CST 2024, endTime=Sun Dec 15 09:00:00 CST 2024, reason=总经了请假单, createTime=Mon Dec 16 21:53:37 CST 2024, state=approved)
21:53:37.078 [main] DEBUG top.soft.classoa.mapper.ProcessFlowMapper.insert -- ==>  Preparing: INSERT INTO `oa`.`adm_process_flow`(`form_id`,`operator_id`,`action`,`result`,`reason`,`create_time`,`audit_time`,`order_no`,`state`,`is_last`) VALUES (?,?,?,?,?,?,?,?,?,?)
21:53:37.079 [main] DEBUG top.soft.classoa.mapper.ProcessFlowMapper.insert -- ==> Parameters: 15(Long), 1(Long), apply(String), null, null, 2024-12-16 21:53:37.078(Timestamp), null, 1(Integer), complete(String), 0(Integer)
21:53:37.080 [main] DEBUG top.soft.classoa.mapper.ProcessFlowMapper.insert -- <==    Updates: 1
21:53:37.080 [main] DEBUG top.soft.classoa.mapper.ProcessFlowMapper.insert -- ==>  Preparing: INSERT INTO `oa`.`adm_process_flow`(`form_id`,`operator_id`,`action`,`result`,`reason`,`create_time`,`audit_time`,`order_no`,`state`,`is_last`) VALUES (?,?,?,?,?,?,?,?,?,?)
21:53:37.082 [main] DEBUG top.soft.classoa.mapper.ProcessFlowMapper.insert -- ==> Parameters: 15(Long), 1(Long), audit(String), approved(String), 自动通过(String), 2024-12-16 21:53:37.08(Timestamp), 2024-12-16 21:53:37.08(Timestamp), 2(Integer), completed(String), 1(Integer)
21:53:37.084 [main] DEBUG top.soft.classoa.mapper.ProcessFlowMapper.insert -- <==    Updates: 1
21:53:37.084 [main] DEBUG org.apache.ibatis.transaction.jdbc.JdbcTransaction -- Committing JDBC Connection [com.mysql.cj.jdbc.ConnectionImpl@293bb8a5]
21:53:37.097 [main] DEBUG org.apache.ibatis.transaction.jdbc.JdbcTransaction -- Resetting autocommit to true on JDBC Connection [com.mysql.cj.jdbc.ConnectionImpl@293bb8a5]
21:53:37.098 [main] DEBUG org.apache.ibatis.transaction.jdbc.JdbcTransaction -- Closing JDBC Connection [com.mysql.cj.jdbc.ConnectionImpl@293bb8a5]
LeaveForm(formId=15, employeeId=1, formType=1, startTime=Wed Dec 04 09:00:00 CST 2024, endTime=Sun Dec 15 09:00:00 CST 2024, reason=总经了请假单, createTime=Mon Dec 16 21:53:37 CST 2024, state=approved)
]]></system-out>
  </testcase>
</testsuite>