<?xml version="1.0" encoding="UTF-8"?>
<testsuite xmlns:xsi="http://www.w3.org/2001/XMLSchema-instance" xsi:noNamespaceSchemaLocation="https://maven.apache.org/surefire/maven-surefire-plugin/xsd/surefire-test-report-3.0.xsd" version="3.0" name="top.soft.classoa.service.NodeServiceTest" time="0.013" tests="1" errors="0" skipped="0" failures="0">
  <properties>
[...]
</properties>
  <testcase name="selectNodeByUserId" classname="top.soft.classoa.service.NodeServiceTest" time="0.01">
    <system-out><![CDATA[21:53:37.106 [main] DEBUG org.apache.ibatis.transaction.jdbc.JdbcTransaction -- Opening JDBC Connection
21:53:37.106 [main] DEBUG org.apache.ibatis.transaction.jdbc.JdbcTransaction -- Setting autocommit to false on JDBC Connection [com.mysql.cj.jdbc.ConnectionImpl@293bb8a5]
21:53:37.106 [main] DEBUG top.soft.classoa.mapper.NodeMapper.selectNodeByUserId -- ==>  Preparing: SELECT DISTINCT n.* FROM sys_role_user ru, sys_role_node rn, sys_node n WHERE ru.user_id = ? AND ru.role_id = rn.role_id AND rn.node_id = n.node_id ORDER BY n.node_code
21:53:37.107 [main] DEBUG top.soft.classoa.mapper.NodeMapper.selectNodeByUserId -- ==> Parameters: 1(Long)
21:53:37.110 [main] DEBUG top.soft.classoa.mapper.NodeMapper.selectNodeByUserId -- <==      Total: 4
21:53:37.110 [main] DEBUG org.apache.ibatis.transaction.jdbc.JdbcTransaction -- Resetting autocommit to true on JDBC Connection [com.mysql.cj.jdbc.ConnectionImpl@293bb8a5]
21:53:37.111 [main] DEBUG org.apache.ibatis.transaction.jdbc.JdbcTransaction -- Closing JDBC Connection [com.mysql.cj.jdbc.ConnectionImpl@293bb8a5]
[{node=Node(nodeId=1, nodeType=1, nodeName=行政审批, url=null, nodeCode=1000000, parentId=null), children=[Node(nodeId=2, nodeType=2, nodeName=通知公告, url=/notice.html, nodeCode=1000001, parentId=1), Node(nodeId=3, nodeType=2, nodeName=请假申请, url=/leave_form.html, nodeCode=1000002, parentId=1), Node(nodeId=4, nodeType=2, nodeName=请假审批, url=/audit.html, nodeCode=1000003, parentId=1)]}]
]]></system-out>
  </testcase>
</testsuite>