<?xml version="1.0" encoding="UTF-8"?>
<testsuite xmlns:xsi="http://www.w3.org/2001/XMLSchema-instance" xsi:noNamespaceSchemaLocation="https://maven.apache.org/surefire/maven-surefire-plugin/xsd/surefire-test-report-3.0.xsd" version="3.0" name="top.soft.classoa.service.LeaveFormMapperTest" time="0.105" tests="1" errors="0" skipped="0" failures="0">
  <properties>
[...]
</properties>
  <testcase name="insert" classname="top.soft.classoa.service.LeaveFormMapperTest" time="0.103">
    <system-out><![CDATA[21:53:36.814 [main] DEBUG org.apache.ibatis.transaction.jdbc.JdbcTransaction -- Opening JDBC Connection
21:53:36.814 [main] DEBUG org.apache.ibatis.transaction.jdbc.JdbcTransaction -- Setting autocommit to false on JDBC Connection [com.mysql.cj.jdbc.ConnectionImpl@293bb8a5]
21:53:36.816 [main] DEBUG top.soft.classoa.mapper.LeaveFormMapper.insert -- ==>  Preparing: INSERT INTO `oa`.`adm_leave_form` (`employee_id`, `form_type`, `start_time`, `end_time`, `reason`, `create_time`, `state`) VALUES (?, ?, ?, ?, ?, ?, ?)
21:53:36.824 [main] DEBUG top.soft.classoa.mapper.LeaveFormMapper.insert -- ==> Parameters: 3(Long), 1(Integer), 2024-12-03 10:00:00.0(Timestamp), 2024-12-12 10:00:00.0(Timestamp), 个人私事(String), 2024-12-16 21:53:36.813(Timestamp), processing(String)
21:53:36.827 [main] DEBUG top.soft.classoa.mapper.LeaveFormMapper.insert -- <==    Updates: 1
21:53:36.827 [main] DEBUG org.apache.ibatis.transaction.jdbc.JdbcTransaction -- Rolling back JDBC Connection [com.mysql.cj.jdbc.ConnectionImpl@293bb8a5]
21:53:36.911 [main] DEBUG org.apache.ibatis.transaction.jdbc.JdbcTransaction -- Resetting autocommit to true on JDBC Connection [com.mysql.cj.jdbc.ConnectionImpl@293bb8a5]
21:53:36.912 [main] DEBUG org.apache.ibatis.transaction.jdbc.JdbcTransaction -- Closing JDBC Connection [com.mysql.cj.jdbc.ConnectionImpl@293bb8a5]
]]></system-out>
  </testcase>
</testsuite>